Case #1: 200 1
Case #2: 453 16
Case #3: 0 0
Case #4: 962 13
Case #5: 959 18
Case #6: 756 39
Case #7: 0 0
Case #8: 988 45
Case #9: 1000 1000
Case #10: 0 0
Case #11: 989 55
Case #12: 829 9
Case #13: 136 4
Case #14: 989 39
Case #15: 0 0
Case #16: 1000 1000
Case #17: 343 9
Case #18: 384 10
Case #19: 120 120
Case #20: 975 19
Case #21: 979 34
Case #22: 967 22
Case #23: 246 26
Case #24: 963 21
Case #25: 267 23
Case #26: 958 15
Case #27: 974 23
Case #28: 983 42
Case #29: 956 45
Case #30: 0 0
Case #31: 973 21
Case #32: 10 3
Case #33: 494 494
Case #34: 0 0
Case #35: 373 13
Case #36: 969 17
Case #37: 548 39
Case #38: 987 36
Case #39: 12 12
Case #40: 0 0
Case #41: 0 0
Case #42: 0 0
Case #43: 1000 1000
Case #44: 813 13
Case #45: 977 19
Case #46: 973 44
Case #47: 456 16
Case #48: 424 36
Case #49: 996 60
Case #50: 305 14
