Case #1: 7 1
Case #2: 7 1
Case #3: 2 1
Case #4: 3 3
Case #5: 8 8
Case #6: 10 2
Case #7: 3 1
Case #8: 4 3
Case #9: 7 2
Case #10: 10 4
Case #11: 4 2
Case #12: 9 3
Case #13: 9 9
Case #14: 0 0
Case #15: 3 0
Case #16: 7 1
Case #17: 3 1
Case #18: 0 0
Case #19: 1 1
Case #20: 10 5
Case #21: 3 2
Case #22: 10 10
Case #23: 1 1
Case #24: 2 1
Case #25: 2 1
Case #26: 2 0
Case #27: 8 6
Case #28: 10 4
Case #29: 3 0
Case #30: 9 9
Case #31: 4 3
Case #32: 1 1
Case #33: 2 0
Case #34: 8 2
Case #35: 10 4
Case #36: 0 0
Case #37: 2 1
Case #38: 6 6
Case #39: 4 1
Case #40: 7 1
Case #41: 0 0
Case #42: 3 2
Case #43: 4 1
Case #44: 9 4
Case #45: 4 1
Case #46: 6 0
Case #47: 4 1
Case #48: 10 10
Case #49: 10 5
Case #50: 5 0
